<?xml version="1.0" encoding="UTF-8"?>
<!-- Generated by org.testng.reporters.JUnitReportReporter -->
<testsuite hostname="Mostafa" failures="0" tests="1" name="testPage.HomePageTest" time="5.424" errors="0" timestamp="2022-10-06T11:36:38 MDT" skipped="0">
  <testcase classname="testPage.HomePageTest" name="getTitle" time="5.424"/>
  <system-out/>
</testsuite> <!-- testPage.HomePageTest -->
