<?xml version="1.0" encoding="UTF-8"?>
<!-- Generated by org.testng.reporters.JUnitReportReporter -->
<testsuite hostname="Mostafa" failures="0" tests="3" name="testPage.CalculatorTest" time="3.921" errors="0" timestamp="2022-10-06T11:36:38 MDT" skipped="0">
  <testcase classname="testPage.CalculatorTest" name="getTitleMort" time="0.024"/>
  <system-out/>
  <testcase classname="testPage.CalculatorTest" name="MortgageCal_TC2" time="3.837"/>
  <system-out/>
  <testcase classname="testPage.CalculatorTest" name="CalManual" time="0.060"/>
  <system-out/>
</testsuite> <!-- testPage.CalculatorTest -->
